<?xml version="1.0" encoding="UTF-8"?>
<!-- Generated by org.testng.reporters.JUnitReportReporter -->
<testsuite hostname="ncherkasov" name="selenium_cherkasov.test.LoginTest" tests="2" failures="0" timestamp="26 Aug 2015 13:35:13 GMT" time="32.873" errors="0">
  <testcase name="testLoginFailed" time="21.427" classname="selenium_cherkasov.test.LoginTest"/>
  <testcase name="testLoginOK" time="11.446" classname="selenium_cherkasov.test.LoginTest"/>
</testsuite> <!-- selenium_cherkasov.test.LoginTest -->
