<?xml version="1.0" encoding="UTF-8"?>
<!-- Generated by org.testng.reporters.JUnitReportReporter -->
<testsuite hostname="ncherkasov" name="selenium_cherkasov.test.LoginTest" tests="2" failures="0" timestamp="21 Aug 2015 12:27:17 GMT" time="32.288" errors="0">
  <testcase name="testLoginOK" time="11.136" classname="selenium_cherkasov.test.LoginTest"/>
  <testcase name="testLoginFailed" time="21.152" classname="selenium_cherkasov.test.LoginTest"/>
</testsuite> <!-- selenium_cherkasov.test.LoginTest -->
