<?xml version="1.0" encoding="UTF-8"?>
<!-- Generated by org.testng.reporters.JUnitReportReporter -->
<testsuite hostname="ncherkasov" name="selenium_cherkasov.test.RegistrationTest" tests="3" failures="0" timestamp="28 Aug 2015 14:16:43 GMT" time="15.454" errors="0">
  <testcase name="addnewUserUploadNOTOK" time="1.363" classname="selenium_cherkasov.test.RegistrationTest"/>
  <testcase name="addnewUserLogoutLoginOK" time="2.417" classname="selenium_cherkasov.test.RegistrationTest"/>
  <testcase name="addnewUserOK" time="11.674" classname="selenium_cherkasov.test.RegistrationTest"/>
</testsuite> <!-- selenium_cherkasov.test.RegistrationTest -->
