<?xml version="1.0" encoding="UTF-8"?>
<!-- Generated by org.testng.reporters.JUnitReportReporter -->
<testsuite hostname="ncherkasov" name="selenium_cherkasov.test.ApplicationTest" tests="1" failures="0" timestamp="21 Aug 2015 14:38:40 GMT" time="12.345" errors="0">
  <testcase name="createNewApplicationWithImage" time="12.345" classname="selenium_cherkasov.test.ApplicationTest"/>
</testsuite> <!-- selenium_cherkasov.test.ApplicationTest -->
