<?xml version="1.0" encoding="UTF-8"?>
<!-- Generated by org.testng.reporters.JUnitReportReporter -->
<testsuite hostname="ncherkasov" name="selenium_cherkasov.test.ApplicationTest" tests="5" failures="0" timestamp="28 Aug 2015 14:51:54 GMT" time="27.129" errors="0">
  <testcase name="createNewApplicationWithoutImage" time="2.150" classname="selenium_cherkasov.test.ApplicationTest"/>
  <testcase name="downloadJSON" time="1.338" classname="selenium_cherkasov.test.ApplicationTest"/>
  <testcase name="downloadApplicationUntilPopular" time="5.909" classname="selenium_cherkasov.test.ApplicationTest"/>
  <testcase name="deleteApplication" time="4.409" classname="selenium_cherkasov.test.ApplicationTest"/>
  <testcase name="createNewApplicationWithImage" time="13.323" classname="selenium_cherkasov.test.ApplicationTest"/>
</testsuite> <!-- selenium_cherkasov.test.ApplicationTest -->
