<?xml version="1.0" encoding="UTF-8"?>
<!-- Generated by org.testng.reporters.JUnitReportReporter -->
<testsuite hostname="ncherkasov" name="selenium_cherkasov.test.ApplicationTest" tests="5" failures="0" timestamp="28 Aug 2015 14:29:13 GMT" time="26.342" errors="0">
  <testcase name="downloadApplicationUntilPopular" time="5.821" classname="selenium_cherkasov.test.ApplicationTest"/>
  <testcase name="createNewApplicationWithoutImage" time="2.154" classname="selenium_cherkasov.test.ApplicationTest"/>
  <testcase name="createNewApplicationWithImage" time="2.658" classname="selenium_cherkasov.test.ApplicationTest"/>
  <testcase name="downloadJSON" time="11.500" classname="selenium_cherkasov.test.ApplicationTest"/>
  <testcase name="deleteApplication" time="4.209" classname="selenium_cherkasov.test.ApplicationTest"/>
</testsuite> <!-- selenium_cherkasov.test.ApplicationTest -->
