<?xml version="1.0" encoding="UTF-8"?>
<!-- Generated by org.testng.reporters.JUnitReportReporter -->
<testsuite hostname="ncherkasov" name="selenium_cherkasov.test.RegistrationTest" tests="3" failures="0" timestamp="28 Aug 2015 14:29:13 GMT" time="15.214" errors="0">
  <testcase name="addnewUserOK" time="1.366" classname="selenium_cherkasov.test.RegistrationTest"/>
  <testcase name="addnewUserUploadNOTOK" time="11.669" classname="selenium_cherkasov.test.RegistrationTest"/>
  <testcase name="addnewUserLogoutLoginOK" time="2.179" classname="selenium_cherkasov.test.RegistrationTest"/>
</testsuite> <!-- selenium_cherkasov.test.RegistrationTest -->
