<?xml version="1.0" encoding="UTF-8"?>
<!-- Generated by org.testng.reporters.JUnitReportReporter -->
<testsuite hostname="ncherkasov" name="selenium_cherkasov.test.JsTest" tests="1" failures="0" timestamp="28 Aug 2015 14:29:13 GMT" time="11.688" errors="0">
  <testcase name="getFindMeField" time="11.688" classname="selenium_cherkasov.test.JsTest"/>
</testsuite> <!-- selenium_cherkasov.test.JsTest -->
