<?xml version="1.0" encoding="UTF-8"?>
<!-- Generated by org.testng.reporters.JUnitReportReporter -->
<testsuite hostname="ncherkasov" name="selenium_cherkasov.test.LoginTest" tests="2" failures="0" timestamp="28 Aug 2015 14:29:13 GMT" time="32.217" errors="0">
  <testcase name="testLoginOK" time="10.952" classname="selenium_cherkasov.test.LoginTest"/>
  <testcase name="testLoginFailed" time="21.265" classname="selenium_cherkasov.test.LoginTest"/>
</testsuite> <!-- selenium_cherkasov.test.LoginTest -->
