<?xml version="1.0" encoding="UTF-8"?>
<!-- Generated by org.testng.reporters.JUnitReportReporter -->
<testsuite hostname="ncherkasov" name="selenium_cherkasov.test.AjaxTest" tests="2" failures="0" timestamp="28 Aug 2015 14:29:13 GMT" time="18.881" errors="0">
  <testcase name="ajaxSumOK" time="14.887" classname="selenium_cherkasov.test.AjaxTest"/>
  <testcase name="ajaxSumNOTOK" time="3.994" classname="selenium_cherkasov.test.AjaxTest"/>
</testsuite> <!-- selenium_cherkasov.test.AjaxTest -->
