<?xml version="1.0" encoding="UTF-8"?>
<!-- Generated by org.testng.reporters.JUnitReportReporter -->
<testsuite hostname="ncherkasov" name="selenium_cherkasov.test.LoginTest" tests="2" failures="0" timestamp="13 Aug 2015 13:55:36 GMT" time="32.606" errors="0">
  <testcase name="testLoginOK" time="11.209" classname="selenium_cherkasov.test.LoginTest"/>
  <testcase name="testLoginFailed" time="21.397" classname="selenium_cherkasov.test.LoginTest"/>
</testsuite> <!-- selenium_cherkasov.test.LoginTest -->
